2023-03-06T09:01:08.818Z
SyntaxError: You have a syntax error at "db.dbml" line 3 column 32. Expected "note", "note:", "}", Table Group, comment, enum, references, table, valid name, or whitespace but "," found.
    at /usr/local/lib/node_modules/@dbml/cli/lib/cli/utils.js:55:13
    at Array.forEach (<anonymous>)
    at generate (/usr/local/lib/node_modules/@dbml/cli/lib/cli/utils.js:48:14)
    at exportHandler (/usr/local/lib/node_modules/@dbml/cli/lib/cli/export.js:41:27)
    at Object.dbml2sql (/usr/local/lib/node_modules/@dbml/cli/lib/cli/index.js:27:23)
    at Object.<anonymous> (/usr/local/lib/node_modules/@dbml/cli/bin/dbml2sql.js:4:19)
    at Module._compile (node:internal/modules/cjs/loader:1159:14)
    at Module._extensions..js (node:internal/modules/cjs/loader:1213:10)
    at Module.load (node:internal/modules/cjs/loader:1037:32)
    at Module._load (node:internal/modules/cjs/loader:878:12)

ROOT_ERROR:
SyntaxError: Expected "note", "note:", "}", Table Group, comment, enum, references, table, valid name, or whitespace but "," found.
    at peg$buildStructuredError (/usr/local/lib/node_modules/@dbml/cli/node_modules/@dbml/core/lib/parse/dbmlParser.js:1169:12)
    at Object.peg$parse [as parse] (/usr/local/lib/node_modules/@dbml/cli/node_modules/@dbml/core/lib/parse/dbmlParser.js:8170:11)
    at Function.parseDBMLToJSON (/usr/local/lib/node_modules/@dbml/cli/node_modules/@dbml/core/lib/parse/Parser.js:54:37)
    at Function.parse (/usr/local/lib/node_modules/@dbml/cli/node_modules/@dbml/core/lib/parse/Parser.js:81:32)
    at Object._export [as export] (/usr/local/lib/node_modules/@dbml/cli/node_modules/@dbml/core/lib/export/index.js:15:37)
    at /usr/local/lib/node_modules/@dbml/cli/lib/cli/export.js:41:69
    at /usr/local/lib/node_modules/@dbml/cli/lib/cli/utils.js:52:23
    at Array.forEach (<anonymous>)
    at generate (/usr/local/lib/node_modules/@dbml/cli/lib/cli/utils.js:48:14)
    at exportHandler (/usr/local/lib/node_modules/@dbml/cli/lib/cli/export.js:41:27)
{"start":{"offset":48,"line":3,"column":32},"end":{"offset":49,"line":3,"column":33}}

